0 info it worked if it ends with ok
1 verbose cli [ 'F:\\DevelopSpace\\nodejs\\node.exe',
1 verbose cli   'F:\\DevelopSpace\\nodejs\\node_modules\\npm\\bin\\npm-cli.js',
1 verbose cli   'install',
1 verbose cli   'hexo-deployer-git',
1 verbose cli   '–save' ]
2 info using npm@3.10.10
3 info using node@v6.10.3
4 silly loadCurrentTree Starting
5 silly install loadCurrentTree
6 silly install readLocalPackageData
7 silly fetchPackageMetaData hexo-deployer-git@^0.2.0
8 silly fetchPackageMetaData –save
9 silly fetchNamedPackageData hexo-deployer-git
10 silly mapToRegistry name hexo-deployer-git
11 silly mapToRegistry using default registry
12 silly mapToRegistry registry https://registry.npmjs.org/
13 silly mapToRegistry data Result {
13 silly mapToRegistry   raw: 'hexo-deployer-git',
13 silly mapToRegistry   scope: null,
13 silly mapToRegistry   escapedName: 'hexo-deployer-git',
13 silly mapToRegistry   name: 'hexo-deployer-git',
13 silly mapToRegistry   rawSpec: '',
13 silly mapToRegistry   spec: 'latest',
13 silly mapToRegistry   type: 'tag' }
14 silly mapToRegistry uri https://registry.npmjs.org/hexo-deployer-git
15 silly fetchOtherPackageData –save
16 silly cache add args [ '–save', null ]
17 verbose cache add spec –save
18 silly cache add parsed spec Result {
18 silly cache add   raw: '–save',
18 silly cache add   scope: null,
18 silly cache add   escapedName: null,
18 silly cache add   name: null,
18 silly cache add   rawSpec: '–save',
18 silly cache add   spec: 'F:\\DevelopSpace\\IdeaSpace\\blog\\hexoBlogSource\\–save',
18 silly cache add   type: 'local' }
19 error addLocal Could not install F:\DevelopSpace\IdeaSpace\blog\hexoBlogSource\–save
20 silly fetchPackageMetaData Error: ENOENT: no such file or directory, open 'F:\DevelopSpace\IdeaSpace\blog\hexoBlogSource\–save'
20 silly fetchPackageMetaData     at Error (native)
20 silly fetchPackageMetaData  error for –save { Error: ENOENT: no such file or directory, open 'F:\DevelopSpace\IdeaSpace\blog\hexoBlogSource\–save'
20 silly fetchPackageMetaData     at Error (native)
20 silly fetchPackageMetaData   errno: -4058,
20 silly fetchPackageMetaData   code: 'ENOENT',
20 silly fetchPackageMetaData   syscall: 'open',
20 silly fetchPackageMetaData   path: 'F:\\DevelopSpace\\IdeaSpace\\blog\\hexoBlogSource\\–save' }
21 verbose request uri https://registry.npmjs.org/hexo-deployer-git
22 verbose request no auth needed
23 info attempt registry request try #1 at 00:03:45
24 verbose request id 7bd417142296b708
25 http request GET https://registry.npmjs.org/hexo-deployer-git
26 info retry will retry, error on last attempt: TypeError: The header content contains invalid characters
27 info attempt registry request try #2 at 00:03:55
28 http request GET https://registry.npmjs.org/hexo-deployer-git
29 info retry will retry, error on last attempt: TypeError: The header content contains invalid characters
30 info attempt registry request try #3 at 00:04:55
31 http request GET https://registry.npmjs.org/hexo-deployer-git
32 silly fetchPackageMetaData TypeError: The header content contains invalid characters
32 silly fetchPackageMetaData     at ClientRequest.OutgoingMessage.setHeader (_http_outgoing.js:360:11)
32 silly fetchPackageMetaData     at new ClientRequest (_http_client.js:85:14)
32 silly fetchPackageMetaData     at Object.exports.request (http.js:31:10)
32 silly fetchPackageMetaData     at Object.exports.request (https.js:199:15)
32 silly fetchPackageMetaData     at Request.start (F:\DevelopSpace\nodejs\node_modules\npm\node_modules\request\request.js:740:32)
32 silly fetchPackageMetaData     at Request.end (F:\DevelopSpace\nodejs\node_modules\npm\node_modules\request\request.js:1398:10)
32 silly fetchPackageMetaData     at end (F:\DevelopSpace\nodejs\node_modules\npm\node_modules\request\request.js:567:14)
32 silly fetchPackageMetaData     at Immediate.<anonymous> (F:\DevelopSpace\nodejs\node_modules\npm\node_modules\request\request.js:581:7)
32 silly fetchPackageMetaData     at runCallback (timers.js:672:20)
32 silly fetchPackageMetaData     at tryOnImmediate (timers.js:645:5)
32 silly fetchPackageMetaData  error for hexo-deployer-git@^0.2.0 TypeError: The header content contains invalid characters
32 silly fetchPackageMetaData     at ClientRequest.OutgoingMessage.setHeader (_http_outgoing.js:360:11)
32 silly fetchPackageMetaData     at new ClientRequest (_http_client.js:85:14)
32 silly fetchPackageMetaData     at Object.exports.request (http.js:31:10)
32 silly fetchPackageMetaData     at Object.exports.request (https.js:199:15)
32 silly fetchPackageMetaData     at Request.start (F:\DevelopSpace\nodejs\node_modules\npm\node_modules\request\request.js:740:32)
32 silly fetchPackageMetaData     at Request.end (F:\DevelopSpace\nodejs\node_modules\npm\node_modules\request\request.js:1398:10)
32 silly fetchPackageMetaData     at end (F:\DevelopSpace\nodejs\node_modules\npm\node_modules\request\request.js:567:14)
32 silly fetchPackageMetaData     at Immediate.<anonymous> (F:\DevelopSpace\nodejs\node_modules\npm\node_modules\request\request.js:581:7)
32 silly fetchPackageMetaData     at runCallback (timers.js:672:20)
32 silly fetchPackageMetaData     at tryOnImmediate (timers.js:645:5)
33 silly rollbackFailedOptional Starting
34 silly rollbackFailedOptional Finishing
35 silly runTopLevelLifecycles Finishing
36 silly install printInstalled
37 verbose stack Error: ENOENT: no such file or directory, open 'F:\DevelopSpace\IdeaSpace\blog\hexoBlogSource\–save'
37 verbose stack     at Error (native)
38 verbose cwd F:\DevelopSpace\IdeaSpace\blog\hexoBlogSource
39 error Windows_NT 10.0.14393
40 error argv "F:\\DevelopSpace\\nodejs\\node.exe" "F:\\DevelopSpace\\nodejs\\node_modules\\npm\\bin\\npm-cli.js" "install" "hexo-deployer-git" "–save"
41 error node v6.10.3
42 error npm  v3.10.10
43 error path F:\DevelopSpace\IdeaSpace\blog\hexoBlogSource\–save
44 error code ENOENT
45 error errno -4058
46 error syscall open
47 error enoent ENOENT: no such file or directory, open 'F:\DevelopSpace\IdeaSpace\blog\hexoBlogSource\–save'
48 error enoent ENOENT: no such file or directory, open 'F:\DevelopSpace\IdeaSpace\blog\hexoBlogSource\–save'
48 error enoent This is most likely not a problem with npm itself
48 error enoent and is related to npm not being able to find a file.
49 verbose exit [ -4058, true ]
